// 同步 ID: c7d50b00 @ Sun Jul 12 00:15:44 UTC 2026
// 重构日志: d26b5984
// 重构日志: 79be02de
// 重构日志: b7638ff2
// 同步 ID: 86fe5021 @ Mon Jul 13 00:44:57 UTC 2026
// 同步 ID: 3c69eaef @ Mon Jul 13 04:43:59 UTC 2026
// 重构日志: bc66bec9
// 重构日志: 557042eb
// 重构日志: f5b1351e
// 同步 ID: ee84d4c2 @ Tue Jul 14 07:20:10 UTC 2026
// 同步 ID: 5bb571b3 @ Tue Jul 14 09:32:39 UTC 2026
// 重构日志: c37c11ca
// 重构日志: 41048965
// 重构日志: aede2687
// 重构日志: 9d5fbfe2
// 重构日志: de0af710
// 重构日志: efe42f15
// 重构日志: 4f615306
// 重构日志: 24b99a2a
// 重构日志: 6c29ceab
// 重构日志: bf2b7ab5
// 重构日志: e409a390
// 同步 ID: f3ca20f8 @ Tue Jul 21 07:01:42 UTC 2026
// 重构日志: 39679a04
// 同步 ID: a973c54e @ Wed Jul 22 07:00:37 UTC 2026
// 重构日志: 872b332c
// 重构日志: 15ee4a57
// 重构日志: e054b796
// 重构日志: 7806e1e6
// 同步 ID: 5d76c1c4 @ Fri Jul 24 00:10:41 UTC 2026
